#
# There is insufficient memory for the Java Runtime Environment to continue.
# Native memory allocation (malloc) failed to allocate 32744 bytes for ChunkPool::allocate
# Possible reasons:
#   The system is out of physical RAM or swap space
#   The process is running with CompressedOops enabled, and the Java Heap may be blocking the growth of the native heap
# Possible solutions:
#   Reduce memory load on the system
#   Increase physical memory or swap space
#   Check if swap backing store is full
#   Decrease Java heap size (-Xmx/-Xms)
#   Decrease number of Java threads
#   Decrease Java thread stack sizes (-Xss)
#   Set larger code cache with -XX:ReservedCodeCacheSize=
#   JVM is running with Unscaled Compressed Oops mode in which the Java heap is
#     placed in the first 4GB address space. The Java Heap base address is the
#     maximum limit for the native heap growth. Please use -XX:HeapBaseMinAddress
#     to set the Java Heap base and to place the Java Heap above 4GB virtual address.
# This output file may be truncated or incomplete.
#
#  Out of Memory Error (allocation.cpp:272), pid=13264, tid=0x0000000000005558
#
# JRE version: OpenJDK Runtime Environment (8.0_242-b01) (build 1.8.0_242-release-1644-b01)
# Java VM: OpenJDK 64-Bit Server VM (25.242-b01 mixed mode windows-amd64 compressed oops)
# Failed to write core dump. Minidumps are not enabled by default on client versions of Windows
#

---------------  T H R E A D  ---------------

Current thread (0x00000000199bb800):  JavaThread "C2 CompilerThread0" daemon [_thread_in_native, id=21848, stack(0x000000001a130000,0x000000001a230000)]

Stack: [0x000000001a130000,0x000000001a230000]
[error occurred during error reporting (printing stack bounds), id 0xc0000005]

Native frames: (J=compiled Java code, j=interpreted, Vv=VM code, C=native code)


Current CompileTask:
C2:  11269 4468   !   4       com.sun.beans.TypeResolver::resolve (274 bytes)


---------------  P R O C E S S  ---------------

Java Threads: ( => current thread )
  0x000000001e8d1800 JavaThread "Cache worker for Build Output Cleanup Cache (D:\gailujing\anli\.gradle\buildOutputCleanup)" [_thread_blocked, id=21048, stack(0x0000000024800000,0x0000000024900000)]
  0x000000001e8d0000 JavaThread "Build operations Thread 8" [_thread_blocked, id=23972, stack(0x0000000023e60000,0x0000000023f60000)]
  0x000000001e8ce800 JavaThread "Build operations Thread 7" [_thread_blocked, id=19472, stack(0x0000000023d60000,0x0000000023e60000)]
  0x000000001e8c9000 JavaThread "Build operations Thread 6" [_thread_blocked, id=6336, stack(0x0000000023c60000,0x0000000023d60000)]
  0x000000001e8cd800 JavaThread "Build operations Thread 5" [_thread_blocked, id=8772, stack(0x0000000022b30000,0x0000000022c30000)]
  0x000000001e8ca800 JavaThread "Build operations Thread 4" [_thread_blocked, id=24512, stack(0x0000000022a30000,0x0000000022b30000)]
  0x000000001e8ca000 JavaThread "Build operations Thread 3" [_thread_blocked, id=23520, stack(0x0000000022930000,0x0000000022a30000)]
  0x000000001e8cd000 JavaThread "Build operations Thread 2" [_thread_blocked, id=5776, stack(0x0000000022830000,0x0000000022930000)]
  0x000000001e8cf000 JavaThread "Build operations" [_thread_blocked, id=9916, stack(0x0000000022730000,0x0000000022830000)]
  0x000000001b4f2000 JavaThread "Cache worker for execution history cache (C:\Users\asus\.gradle\caches\6.1.1\executionHistory)" [_thread_blocked, id=21884, stack(0x00000000219a0000,0x0000000021aa0000)]
  0x000000001b4f6000 JavaThread "Cache worker for cache directory md-rule (C:\Users\asus\.gradle\caches\6.1.1\md-rule)" [_thread_blocked, id=14812, stack(0x00000000218a0000,0x00000000219a0000)]
  0x000000001b4f1800 JavaThread "Cache worker for cache directory md-supplier (C:\Users\asus\.gradle\caches\6.1.1\md-supplier)" [_thread_blocked, id=24324, stack(0x00000000217a0000,0x00000000218a0000)]
  0x000000001b4f0000 JavaThread "Cache worker for file hash cache (D:\gailujing\anli\.gradle\6.1.1\fileHashes)" [_thread_blocked, id=22876, stack(0x0000000021c30000,0x0000000021d30000)]
  0x000000001b4ef000 JavaThread "Cache worker for checksums cache (D:\gailujing\anli\.gradle\checksums)" [_thread_blocked, id=10484, stack(0x0000000021b30000,0x0000000021c30000)]
  0x000000001b4f5000 JavaThread "Cache worker for file hash cache (C:\Users\asus\.gradle\caches\6.1.1\fileHashes)" [_thread_blocked, id=6776, stack(0x000000001e0d0000,0x000000001e1d0000)]
  0x000000001b4f0800 JavaThread "File lock request listener" [_thread_in_native, id=23736, stack(0x000000001dfd0000,0x000000001e0d0000)]
  0x000000001b12f000 JavaThread "Cache worker for journal cache (C:\Users\asus\.gradle\caches\journal-1)" [_thread_blocked, id=21548, stack(0x000000001ded0000,0x000000001dfd0000)]
  0x000000001c4d3800 JavaThread "Thread-9" [_thread_blocked, id=20716, stack(0x000000001dbd0000,0x000000001dcd0000)]
  0x000000001c4ec800 JavaThread "Stdin handler" [_thread_blocked, id=8076, stack(0x000000001dad0000,0x000000001dbd0000)]
  0x000000001c4e4000 JavaThread "Asynchronous log dispatcher for DefaultDaemonConnection: socket connection from /127.0.0.1:53640 to /127.0.0.1:53641" [_thread_blocked, id=24420, stack(0x000000001d9d0000,0x000000001dad0000)]
  0x000000001c4e1000 JavaThread "Daemon worker" [_thread_in_native, id=23868, stack(0x000000001d8d0000,0x000000001d9d0000)]
  0x000000001c4ee800 JavaThread "Cancel handler" [_thread_blocked, id=21324, stack(0x000000001d7d0000,0x000000001d8d0000)]
  0x000000001c487000 JavaThread "Handler for socket connection from /127.0.0.1:53640 to /127.0.0.1:53641" [_thread_in_native, id=18488, stack(0x000000001d4d0000,0x000000001d5d0000)]
  0x000000001c482000 JavaThread "Daemon" [_thread_blocked, id=9740, stack(0x000000001d3d0000,0x000000001d4d0000)]
  0x000000001c44e800 JavaThread "Daemon periodic checks" [_thread_blocked, id=12824, stack(0x000000001d2d0000,0x000000001d3d0000)]
  0x000000001c44d800 JavaThread "Incoming local TCP Connector on port 53640" [_thread_in_native, id=6484, stack(0x000000001d1d0000,0x000000001d2d0000)]
  0x000000001c383000 JavaThread "Daemon health stats" [_thread_blocked, id=1772, stack(0x000000001d0d0000,0x000000001d1d0000)]
  0x0000000019a44000 JavaThread "Service Thread" daemon [_thread_blocked, id=2316, stack(0x000000001a530000,0x000000001a630000)]
  0x00000000199ce000 JavaThread "C1 CompilerThread3" daemon [_thread_in_native, id=20488, stack(0x000000001a430000,0x000000001a530000)]
  0x00000000199c4000 JavaThread "C2 CompilerThread2" daemon [_thread_blocked, id=9572, stack(0x000000001a330000,0x000000001a430000)]
  0x00000000199be800 JavaThread "C2 CompilerThread1" daemon [_thread_in_native, id=17384, stack(0x000000001a230000,0x000000001a330000)]
=>0x00000000199bb800 JavaThread "C2 CompilerThread0" daemon [_thread_in_native, id=21848, stack(0x000000001a130000,0x000000001a230000)]
  0x00000000199ba800 JavaThread "Attach Listener" daemon [_thread_blocked, id=20112, stack(0x000000001a030000,0x000000001a130000)]
  0x0000000019968000 JavaThread "Signal Dispatcher" daemon [_thread_blocked, id=22452, stack(0x0000000019f30000,0x000000001a030000)]
  0x0000000019951000 JavaThread "Finalizer" daemon [_thread_blocked, id=10840, stack(0x0000000019e30000,0x0000000019f30000)]
  0x0000000019950800 JavaThread "Reference Handler" daemon [_thread_blocked, id=24036, stack(0x0000000019d30000,0x0000000019e30000)]
  0x0000000002acd800 JavaThread "main" [_thread_blocked, id=23980, stack(0x00000000023f0000,0x00000000024f0000)]

Other Threads:
  0x0000000017b38000 VMThread [stack: 0x0000000019830000,0x0000000019930000] [id=19972]
  0x0000000019a45000 WatcherThread [stack: 0x000000001a630000,0x000000001a730000] [id=24200]

VM state:not at safepoint (normal execution)

VM Mutex/Monitor currently owned by a thread: None

heap address: 0x0000000080000000, size: 2048 MB, Compressed Oops mode: 32-bit
Narrow klass base: 0x0000000000000000, Narrow klass shift: 3
Compressed class space size: 1073741824 Address: 0x0000000100000000

Heap:
 PSYoungGen      total 142848K, used 120499K [0x00000000d5580000, 0x00000000df480000, 0x0000000100000000)
  eden space 131072K, 82% used [0x00000000d5580000,0x00000000dbfb2f00,0x00000000dd580000)
  from space 11776K, 99% used [0x00000000de900000,0x00000000df479dd0,0x00000000df480000)
  to   space 13312K, 0% used [0x00000000dda80000,0x00000000dda80000,0x00000000de780000)
 ParOldGen       total 91648K, used 16516K [0x0000000080000000, 0x0000000085980000, 0x00000000d5580000)
  object space 91648K, 18% used [0x0000000080000000,0x0000000081021230,0x0000000085980000)
 Metaspace       used 52402K, capacity 54364K, committed 54440K, reserved 1095680K
  class space    used 7123K, capacity 7589K, committed 7600K, reserved 1048576K

Card table byte_map: [0x0000000011e90000,0x00000000122a0000] byte_map_base: 0x0000000011a90000

Marking Bits: (ParMarkBitMap*) 0x000000006281f030
 Begin Bits: [0x0000000012d50000, 0x0000000014d50000)
 End Bits:   [0x0000000014d50000, 0x0000000016d50000)

Polling page: 0x0000000000720000

CodeCache: size=245760Kb used=14729Kb max_used=14740Kb free=231030Kb
 bounds [0x0000000002ad0000, 0x0000000003940000, 0x0000000011ad0000]
 total_blobs=4993 nmethods=4220 adapters=685
 compilation: enabled

Compilation events (10 events):
Event: 11.245 Thread 0x00000000199ce000 4613       3       com.google.common.cache.LocalCache$LoadingValueReference::isActive (10 bytes)
Event: 11.245 Thread 0x00000000199ce000 nmethod 4613 0x0000000003938050 code [0x00000000039381c0, 0x00000000039383e8]
Event: 11.246 Thread 0x00000000199ce000 4614       3       java.util.HashMap::afterNodeRemoval (1 bytes)
Event: 11.246 Thread 0x00000000199ce000 nmethod 4614 0x0000000003937d50 code [0x0000000003937ea0, 0x0000000003937ff0]
Event: 11.247 Thread 0x00000000199ce000 4615       1       org.gradle.api.internal.project.DefaultProject::getGradle (5 bytes)
Event: 11.247 Thread 0x00000000199ce000 nmethod 4615 0x0000000003937a90 code [0x0000000003937be0, 0x0000000003937cf0]
Event: 11.247 Thread 0x00000000199ce000 4616       3       org.gradle.api.internal.project.DefaultProject::getIdentityPath (55 bytes)
Event: 11.247 Thread 0x00000000199ce000 nmethod 4616 0x0000000003937390 code [0x0000000003937520, 0x0000000003937928]
Event: 11.247 Thread 0x00000000199ce000 4617       1       org.gradle.api.internal.DefaultNamedDomainObjectCollection::getInstantiator (5 bytes)
Event: 11.247 Thread 0x00000000199ce000 nmethod 4617 0x00000000039370d0 code [0x0000000003937220, 0x0000000003937330]

GC Heap History (10 events):
Event: 6.471 GC heap before
{Heap before GC invocations=8 (full 1):
 PSYoungGen      total 76800K, used 66048K [0x00000000d5580000, 0x00000000dac80000, 0x0000000100000000)
  eden space 66048K, 100% used [0x00000000d5580000,0x00000000d9600000,0x00000000d9600000)
  from space 10752K, 0% used [0x00000000da100000,0x00000000da100000,0x00000000dab80000)
  to   space 11264K, 0% used [0x00000000d9600000,0x00000000d9600000,0x00000000da100000)
 ParOldGen       total 61952K, used 9233K [0x0000000080000000, 0x0000000083c80000, 0x00000000d5580000)
  object space 61952K, 14% used [0x0000000080000000,0x00000000809044b0,0x0000000083c80000)
 Metaspace       used 28181K, capacity 28928K, committed 29232K, reserved 1075200K
  class space    used 3895K, capacity 4131K, committed 4144K, reserved 1048576K
Event: 6.482 GC heap after
Heap after GC invocations=8 (full 1):
 PSYoungGen      total 77312K, used 8142K [0x00000000d5580000, 0x00000000dcf80000, 0x0000000100000000)
  eden space 66048K, 0% used [0x00000000d5580000,0x00000000d5580000,0x00000000d9600000)
  from space 11264K, 72% used [0x00000000d9600000,0x00000000d9df3a88,0x00000000da100000)
  to   space 11264K, 0% used [0x00000000dc480000,0x00000000dc480000,0x00000000dcf80000)
 ParOldGen       total 61952K, used 9241K [0x0000000080000000, 0x0000000083c80000, 0x00000000d5580000)
  object space 61952K, 14% used [0x0000000080000000,0x00000000809064b0,0x0000000083c80000)
 Metaspace       used 28181K, capacity 28928K, committed 29232K, reserved 1075200K
  class space    used 3895K, capacity 4131K, committed 4144K, reserved 1048576K
}
Event: 7.570 GC heap before
{Heap before GC invocations=9 (full 1):
 PSYoungGen      total 77312K, used 74190K [0x00000000d5580000, 0x00000000dcf80000, 0x0000000100000000)
  eden space 66048K, 100% used [0x00000000d5580000,0x00000000d9600000,0x00000000d9600000)
  from space 11264K, 72% used [0x00000000d9600000,0x00000000d9df3a88,0x00000000da100000)
  to   space 11264K, 0% used [0x00000000dc480000,0x00000000dc480000,0x00000000dcf80000)
 ParOldGen       total 61952K, used 9241K [0x0000000080000000, 0x0000000083c80000, 0x00000000d5580000)
  object space 61952K, 14% used [0x0000000080000000,0x00000000809064b0,0x0000000083c80000)
 Metaspace       used 32341K, capacity 33124K, committed 33328K, reserved 1077248K
  class space    used 4417K, capacity 4613K, committed 4656K, reserved 1048576K
Event: 7.585 GC heap after
Heap after GC invocations=9 (full 1):
 PSYoungGen      total 113152K, used 8671K [0x00000000d5580000, 0x00000000dd100000, 0x0000000100000000)
  eden space 101888K, 0% used [0x00000000d5580000,0x00000000d5580000,0x00000000db900000)
  from space 11264K, 76% used [0x00000000dc480000,0x00000000dccf7fd8,0x00000000dcf80000)
  to   space 11776K, 0% used [0x00000000db900000,0x00000000db900000,0x00000000dc480000)
 ParOldGen       total 61952K, used 9249K [0x0000000080000000, 0x0000000083c80000, 0x00000000d5580000)
  object space 61952K, 14% used [0x0000000080000000,0x00000000809084b0,0x0000000083c80000)
 Metaspace       used 32341K, capacity 33124K, committed 33328K, reserved 1077248K
  class space    used 4417K, capacity 4613K, committed 4656K, reserved 1048576K
}
Event: 8.054 GC heap before
{Heap before GC invocations=10 (full 1):
 PSYoungGen      total 113152K, used 56100K [0x00000000d5580000, 0x00000000dd100000, 0x0000000100000000)
  eden space 101888K, 46% used [0x00000000d5580000,0x00000000d83d1330,0x00000000db900000)
  from space 11264K, 76% used [0x00000000dc480000,0x00000000dccf7fd8,0x00000000dcf80000)
  to   space 11776K, 0% used [0x00000000db900000,0x00000000db900000,0x00000000dc480000)
 ParOldGen       total 61952K, used 9249K [0x0000000080000000, 0x0000000083c80000, 0x00000000d5580000)
  object space 61952K, 14% used [0x0000000080000000,0x00000000809084b0,0x0000000083c80000)
 Metaspace       used 34517K, capacity 35442K, committed 35496K, reserved 1079296K
  class space    used 4737K, capacity 5006K, committed 5040K, reserved 1048576K
Event: 8.066 GC heap after
Heap after GC invocations=10 (full 1):
 PSYoungGen      total 113664K, used 8707K [0x00000000d5580000, 0x00000000df480000, 0x0000000100000000)
  eden space 101888K, 0% used [0x00000000d5580000,0x00000000d5580000,0x00000000db900000)
  from space 11776K, 73% used [0x00000000db900000,0x00000000dc180e90,0x00000000dc480000)
  to   space 11776K, 0% used [0x00000000de900000,0x00000000de900000,0x00000000df480000)
 ParOldGen       total 61952K, used 9257K [0x0000000080000000, 0x0000000083c80000, 0x00000000d5580000)
  object space 61952K, 14% used [0x0000000080000000,0x000000008090a4b0,0x0000000083c80000)
 Metaspace       used 34517K, capacity 35442K, committed 35496K, reserved 1079296K
  class space    used 4737K, capacity 5006K, committed 5040K, reserved 1048576K
}
Event: 8.066 GC heap before
{Heap before GC invocations=11 (full 2):
 PSYoungGen      total 113664K, used 8707K [0x00000000d5580000, 0x00000000df480000, 0x0000000100000000)
  eden space 101888K, 0% used [0x00000000d5580000,0x00000000d5580000,0x00000000db900000)
  from space 11776K, 73% used [0x00000000db900000,0x00000000dc180e90,0x00000000dc480000)
  to   space 11776K, 0% used [0x00000000de900000,0x00000000de900000,0x00000000df480000)
 ParOldGen       total 61952K, used 9257K [0x0000000080000000, 0x0000000083c80000, 0x00000000d5580000)
  object space 61952K, 14% used [0x0000000080000000,0x000000008090a4b0,0x0000000083c80000)
 Metaspace       used 34517K, capacity 35442K, committed 35496K, reserved 1079296K
  class space    used 4737K, capacity 5006K, committed 5040K, reserved 1048576K
Event: 8.121 GC heap after
Heap after GC invocations=11 (full 2):
 PSYoungGen      total 113664K, used 0K [0x00000000d5580000, 0x00000000df480000, 0x0000000100000000)
  eden space 101888K, 0% used [0x00000000d5580000,0x00000000d5580000,0x00000000db900000)
  from space 11776K, 0% used [0x00000000db900000,0x00000000db900000,0x00000000dc480000)
  to   space 11776K, 0% used [0x00000000de900000,0x00000000de900000,0x00000000df480000)
 ParOldGen       total 91648K, used 15523K [0x0000000080000000, 0x0000000085980000, 0x00000000d5580000)
  object space 91648K, 16% used [0x0000000080000000,0x0000000080f28fc8,0x0000000085980000)
 Metaspace       used 34517K, capacity 35442K, committed 35496K, reserved 1079296K
  class space    used 4737K, capacity 5006K, committed 5040K, reserved 1048576K
}
Event: 9.647 GC heap before
{Heap before GC invocations=12 (full 2):
 PSYoungGen      total 113664K, used 101888K [0x00000000d5580000, 0x00000000df480000, 0x0000000100000000)
  eden space 101888K, 100% used [0x00000000d5580000,0x00000000db900000,0x00000000db900000)
  from space 11776K, 0% used [0x00000000db900000,0x00000000db900000,0x00000000dc480000)
  to   space 11776K, 0% used [0x00000000de900000,0x00000000de900000,0x00000000df480000)
 ParOldGen       total 91648K, used 15523K [0x0000000080000000, 0x0000000085980000, 0x00000000d5580000)
  object space 91648K, 16% used [0x0000000080000000,0x0000000080f28fc8,0x0000000085980000)
 Metaspace       used 43160K, capacity 44668K, committed 44968K, reserved 1087488K
  class space    used 5867K, capacity 6238K, committed 6320K, reserved 1048576K
Event: 9.659 GC heap after
Heap after GC invocations=12 (full 2):
 PSYoungGen      total 142848K, used 11751K [0x00000000d5580000, 0x00000000df480000, 0x0000000100000000)
  eden space 131072K, 0% used [0x00000000d5580000,0x00000000d5580000,0x00000000dd580000)
  from space 11776K, 99% used [0x00000000de900000,0x00000000df479dd0,0x00000000df480000)
  to   space 13312K, 0% used [0x00000000dda80000,0x00000000dda80000,0x00000000de780000)
 ParOldGen       total 91648K, used 16516K [0x0000000080000000, 0x0000000085980000, 0x00000000d5580000)
  object space 91648K, 18% used [0x0000000080000000,0x0000000081021230,0x0000000085980000)
 Metaspace       used 43160K, capacity 44668K, committed 44968K, reserved 1087488K
  class space    used 5867K, capacity 6238K, committed 6320K, reserved 1048576K
}

Deoptimization events (10 events):
Event: 9.834 Thread 0x000000001c4e1000 Uncommon trap: reason=unstable_if action=reinterpret pc=0x000000000369ea70 method=java.security.CodeSource.<init>(Ljava/net/URL;[Ljava/security/CodeSigner;)V @ 25
Event: 9.836 Thread 0x000000001c4e1000 Uncommon trap: reason=unstable_if action=reinterpret pc=0x000000000306592c method=java.security.CodeSource.getCertificates()[Ljava/security/cert/Certificate; @ 22
Event: 9.836 Thread 0x000000001c4e1000 Uncommon trap: reason=unstable_if action=reinterpret pc=0x000000000345bc28 method=java.util.jar.JarFile.maybeInstantiateVerifier()V @ 4
Event: 9.837 Thread 0x000000001c4e1000 Uncommon trap: reason=unstable_if action=reinterpret pc=0x0000000002ff7430 method=java.util.jar.JarFile.maybeInstantiateVerifier()V @ 4
Event: 9.837 Thread 0x000000001c4e1000 Uncommon trap: reason=unstable_if action=reinterpret pc=0x0000000002c9787c method=java.security.CodeSource.matchCerts(Ljava/security/CodeSource;Z)Z @ 11
Event: 9.877 Thread 0x000000001c4e1000 Uncommon trap: reason=unstable_if action=reinterpret pc=0x0000000003083958 method=java.util.LinkedHashMap.get(Ljava/lang/Object;)Ljava/lang/Object; @ 20
Event: 9.997 Thread 0x000000001c4e1000 Uncommon trap: reason=unstable_if action=reinterpret pc=0x00000000031612a8 method=org.objectweb.asm.ByteVector.putUTF8(Ljava/lang/String;)Lorg/objectweb/asm/ByteVector; @ 93
Event: 10.507 Thread 0x000000001c4e1000 Uncommon trap: reason=unstable_if action=reinterpret pc=0x0000000002be1070 method=org.gradle.internal.reflect.PropertyAccessorType.of(Ljava/lang/reflect/Method;)Lorg/gradle/internal/reflect/PropertyAccessorType; @ 56
Event: 10.685 Thread 0x000000001c4e1000 Uncommon trap: reason=unstable_if action=reinterpret pc=0x000000000372a2b0 method=org.gradle.internal.instantiation.generator.AbstractClassGenerator$InjectionAnnotationValidator.validateMethod(Ljava/lang/reflect/Method;Lorg/gradle/internal/reflect/Propert
Event: 10.685 Thread 0x000000001c4e1000 Uncommon trap: reason=unstable_if action=reinterpret pc=0x000000000372f440 method=org.gradle.internal.instantiation.generator.AbstractClassGenerator$InjectionAnnotationValidator.validateMethod(Ljava/lang/reflect/Method;Lorg/gradle/internal/reflect/Propert

Classes redefined (0 events):
No events

Internal exceptions (10 events):
Event: 10.796 Thread 0x000000001c4e1000 Exception <a 'java/lang/ClassNotFoundException': org/gradle/api/internal/file/AbstractFileCollectionBeanInfo> (0x00000000da676518) thrown at [C:\src\AOSP-openjdk-git\hotspot\src\share\vm\classfile\systemDictionary.cpp, line 210]
Event: 10.797 Thread 0x000000001c4e1000 Exception <a 'java/lang/ClassNotFoundException': org/gradle/api/internal/file/AbstractFileCollectionCustomizer> (0x00000000da6b5bb0) thrown at [C:\src\AOSP-openjdk-git\hotspot\src\share\vm\classfile\systemDictionary.cpp, line 210]
Event: 10.798 Thread 0x000000001c4e1000 Exception <a 'java/lang/ClassNotFoundException': org/gradle/api/internal/file/CompositeFileCollectionCustomizer> (0x00000000da706530) thrown at [C:\src\AOSP-openjdk-git\hotspot\src\share\vm\classfile\systemDictionary.cpp, line 210]
Event: 10.800 Thread 0x000000001c4e1000 Exception <a 'java/lang/ClassNotFoundException': org/gradle/api/internal/file/CompositeFileTreeCustomizer> (0x00000000da750ca0) thrown at [C:\src\AOSP-openjdk-git\hotspot\src\share\vm\classfile\systemDictionary.cpp, line 210]
Event: 10.801 Thread 0x000000001c4e1000 Exception <a 'java/lang/ClassNotFoundException': org/gradle/api/internal/file/collections/DefaultConfigurableFileTreeCustomizer> (0x00000000da7a7a18) thrown at [C:\src\AOSP-openjdk-git\hotspot\src\share\vm\classfile\systemDictionary.cpp, line 210]
Event: 10.951 Thread 0x000000001c4e1000 Exception <a 'java/lang/ClassNotFoundException': org/gradle/api/plugins/internal/DefaultBasePluginConventionBeanInfo> (0x00000000daef4e18) thrown at [C:\src\AOSP-openjdk-git\hotspot\src\share\vm\classfile\systemDictionary.cpp, line 210]
Event: 10.952 Thread 0x000000001c4e1000 Exception <a 'java/lang/ClassNotFoundException': org/gradle/api/plugins/BasePluginConventionBeanInfo> (0x00000000daf20880) thrown at [C:\src\AOSP-openjdk-git\hotspot\src\share\vm\classfile\systemDictionary.cpp, line 210]
Event: 10.952 Thread 0x000000001c4e1000 Exception <a 'java/lang/ClassNotFoundException': org/gradle/api/plugins/BasePluginConventionCustomizer> (0x00000000daf4ca20) thrown at [C:\src\AOSP-openjdk-git\hotspot\src\share\vm\classfile\systemDictionary.cpp, line 210]
Event: 10.953 Thread 0x000000001c4e1000 Exception <a 'java/lang/ClassNotFoundException': org/gradle/api/plugins/internal/DefaultBasePluginConventionCustomizer> (0x00000000daf96280) thrown at [C:\src\AOSP-openjdk-git\hotspot\src\share\vm\classfile\systemDictionary.cpp, line 210]
Event: 10.965 Thread 0x000000001c4e1000 Exception <a 'java/lang/NoSuchMethodError': java.lang.Object.lambda$comparingInt$7b0bb60$1(Ljava/util/function/ToIntFunction;Ljava/lang/Object;Ljava/lang/Object;)I> (0x00000000db007790) thrown at [C:\src\AOSP-openjdk-git\hotspot\src\share\vm\interpreter\l

Events (10 events):
Event: 11.249 loading class com/android/build/gradle/internal/dependency/SubtractingArtifactCollection$fileCollection$1
Event: 11.249 loading class com/android/build/gradle/internal/dependency/SubtractingArtifactCollection$fileCollection$1 done
Event: 11.250 loading class com/android/build/gradle/internal/dependency/ArtifactCollectionWithExtraArtifact
Event: 11.250 loading class com/android/build/gradle/internal/dependency/ArtifactCollectionWithExtraArtifact done
Event: 11.251 loading class com/android/build/gradle/internal/dependency/ArtifactCollectionWithExtraArtifact$ExtraArtifactType
Event: 11.251 loading class com/android/build/gradle/internal/dependency/ArtifactCollectionWithExtraArtifact$ExtraArtifactType done
Event: 11.251 loading class org/gradle/api/internal/file/UnionFileCollection
Event: 11.251 loading class org/gradle/api/internal/file/UnionFileCollection done
Event: 11.252 loading class org/gradle/api/internal/file/CompositeFileCollection$2
Event: 11.252 loading class org/gradle/api/internal/file/CompositeFileCollection$2 done


Dynamic libraries:
0x00007ff64a940000 - 0x00007ff64a971000 	C:\Program Files\Android\Android Studio\jre\bin\java.exe
0x00007ffbbc240000 - 0x00007ffbbc430000 	C:\WINDOWS\SYSTEM32\ntdll.dll
0x00007ffbbb6f0000 - 0x00007ffbbb7a2000 	C:\WINDOWS\System32\KERNEL32.DLL
0x00007ffbb9db0000 - 0x00007ffbba055000 	C:\WINDOWS\System32\KERNELBASE.dll
0x00007ffbbc0a0000 - 0x00007ffbbc143000 	C:\WINDOWS\System32\ADVAPI32.dll
0x00007ffbbb9d0000 - 0x00007ffbbba6e000 	C:\WINDOWS\System32\msvcrt.dll
0x00007ffbbb5d0000 - 0x00007ffbbb667000 	C:\WINDOWS\System32\sechost.dll
0x00007ffbbabf0000 - 0x00007ffbbad10000 	C:\WINDOWS\System32\RPCRT4.dll
0x00007ffbbad10000 - 0x00007ffbbaea4000 	C:\WINDOWS\System32\USER32.dll
0x00007ffbba230000 - 0x00007ffbba251000 	C:\WINDOWS\System32\win32u.dll
0x00007ffbbb990000 - 0x00007ffbbb9b6000 	C:\WINDOWS\System32\GDI32.dll
0x00007ffbb9bb0000 - 0x00007ffbb9d46000 	C:\WINDOWS\System32\gdi32full.dll
0x00007ffbb9330000 - 0x00007ffbb93ce000 	C:\WINDOWS\System32\msvcp_win.dll
0x00007ffbba060000 - 0x00007ffbba15a000 	C:\WINDOWS\System32\ucrtbase.dll
0x00007ffba8820000 - 0x00007ffba8aa4000 	C:\WINDOWS\WinSxS\amd64_microsoft.windows.common-controls_6595b64144ccf1df_6.0.18362.1256_none_9e7e379be45e40e2\COMCTL32.dll
0x00007ffbbbbc0000 - 0x00007ffbbbef6000 	C:\WINDOWS\System32\combase.dll
0x00007ffbba260000 - 0x00007ffbba2e1000 	C:\WINDOWS\System32\bcryptPrimitives.dll
0x00007ffbbb960000 - 0x00007ffbbb98e000 	C:\WINDOWS\System32\IMM32.DLL
0x00000000617f0000 - 0x00000000618c2000 	C:\Program Files\Android\Android Studio\jre\jre\bin\msvcr100.dll
0x0000000062050000 - 0x000000006289b000 	C:\Program Files\Android\Android Studio\jre\jre\bin\server\jvm.dll
0x00007ffbbb7b0000 - 0x00007ffbbb7b8000 	C:\WINDOWS\System32\PSAPI.DLL
0x00007ffbb2f60000 - 0x00007ffbb2f69000 	C:\WINDOWS\SYSTEM32\WSOCK32.dll
0x00007ffbbb670000 - 0x00007ffbbb6df000 	C:\WINDOWS\System32\WS2_32.dll
0x00007ffbb8cc0000 - 0x00007ffbb8cca000 	C:\WINDOWS\SYSTEM32\VERSION.dll
0x00007ffbb5ee0000 - 0x00007ffbb5f04000 	C:\WINDOWS\SYSTEM32\WINMM.dll
0x00007ffbb5eb0000 - 0x00007ffbb5edd000 	C:\WINDOWS\SYSTEM32\winmmbase.dll
0x00007ffbb9b60000 - 0x00007ffbb9baa000 	C:\WINDOWS\System32\cfgmgr32.dll
0x00007ffbb2f50000 - 0x00007ffbb2f5f000 	C:\Program Files\Android\Android Studio\jre\jre\bin\verify.dll
0x00007ffbb1690000 - 0x00007ffbb16b9000 	C:\Program Files\Android\Android Studio\jre\jre\bin\java.dll
0x00007ffbb1670000 - 0x00007ffbb1686000 	C:\Program Files\Android\Android Studio\jre\jre\bin\zip.dll
0x00007ffbba2f0000 - 0x00007ffbba9d7000 	C:\WINDOWS\System32\SHELL32.dll
0x00007ffbbc150000 - 0x00007ffbbc1f9000 	C:\WINDOWS\System32\shcore.dll
0x00007ffbb93d0000 - 0x00007ffbb9b51000 	C:\WINDOWS\System32\windows.storage.dll
0x00007ffbb9180000 - 0x00007ffbb91a3000 	C:\WINDOWS\System32\profapi.dll
0x00007ffbb9110000 - 0x00007ffbb915a000 	C:\WINDOWS\System32\powrprof.dll
0x00007ffbb90e0000 - 0x00007ffbb90f0000 	C:\WINDOWS\System32\UMPDC.dll
0x00007ffbbbf00000 - 0x00007ffbbbf52000 	C:\WINDOWS\System32\shlwapi.dll
0x00007ffbb90f0000 - 0x00007ffbb9101000 	C:\WINDOWS\System32\kernel.appcore.dll
0x00007ffbba210000 - 0x00007ffbba227000 	C:\WINDOWS\System32\cryptsp.dll
0x00007ffbb1650000 - 0x00007ffbb166a000 	C:\Program Files\Android\Android Studio\jre\jre\bin\net.dll
0x00007ffbb88c0000 - 0x00007ffbb8927000 	C:\WINDOWS\system32\mswsock.dll
0x00007ffbb1630000 - 0x00007ffbb1643000 	C:\Program Files\Android\Android Studio\jre\jre\bin\nio.dll
0x00007ffbb4d90000 - 0x00007ffbb4db6000 	C:\Users\asus\.gradle\native\31\windows-amd64\native-platform.dll
0x00007ffbb2f40000 - 0x00007ffbb2f4d000 	C:\Program Files\Android\Android Studio\jre\jre\bin\management.dll
0x00007ffbb8430000 - 0x00007ffbb8463000 	C:\WINDOWS\system32\rsaenh.dll
0x00007ffbb91b0000 - 0x00007ffbb91d6000 	C:\WINDOWS\System32\bcrypt.dll
0x00007ffbb8fc0000 - 0x00007ffbb8fe5000 	C:\WINDOWS\SYSTEM32\USERENV.dll
0x00007ffbb8a90000 - 0x00007ffbb8a9c000 	C:\WINDOWS\SYSTEM32\CRYPTBASE.dll
0x00007ffbb85d0000 - 0x00007ffbb860a000 	C:\WINDOWS\SYSTEM32\IPHLPAPI.DLL
0x00007ffbbb9c0000 - 0x00007ffbbb9c8000 	C:\WINDOWS\System32\NSI.dll
0x00007ffbaf7f0000 - 0x00007ffbaf806000 	C:\WINDOWS\SYSTEM32\dhcpcsvc6.DLL
0x00007ffbb0040000 - 0x00007ffbb005c000 	C:\WINDOWS\SYSTEM32\dhcpcsvc.DLL
0x00007ffbb8610000 - 0x00007ffbb86db000 	C:\WINDOWS\SYSTEM32\DNSAPI.dll

VM Arguments:
jvm_args: -Xmx2048m -Dfile.encoding=GBK -Duser.country=CN -Duser.language=zh -Duser.variant 
java_command: org.gradle.launcher.daemon.bootstrap.GradleDaemon 6.1.1
java_class_path (initial): C:\Users\asus\.gradle\wrapper\dists\gradle-6.1.1-all\cfmwm155h49vnt3hynmlrsdst\gradle-6.1.1\lib\gradle-launcher-6.1.1.jar
Launcher Type: SUN_STANDARD

Environment Variables:
PATH=C:\WINDOWS\system32;C:\WINDOWS;C:\WINDOWS\System32\Wbem;C:\WINDOWS\System32\WindowsPowerShell\v1.0\;C:\WINDOWS\System32\OpenSSH\;C:\Users\asus\AppData\Local\Microsoft\WindowsApps;
USERNAME=asus
OS=Windows_NT
PROCESSOR_IDENTIFIER=Intel64 Family 6 Model 142 Stepping 10, GenuineIntel



---------------  S Y S T E M  ---------------

OS: Windows 10.0 , 64 bit Build 18362 (10.0.18362.1110)

CPU:total 8 (initial active 8) (4 cores per cpu, 2 threads per core) family 6 model 142 stepping 10, cmov, cx8, fxsr, mmx, sse, sse2, sse3, ssse3, sse4.1, sse4.2, popcnt, avx, avx2, aes, clmul, erms, 3dnowpref, lzcnt, ht, tsc, tscinvbit, bmi1, bmi2, adx

Memory: 4k page, physical 8267560k(296400k free), swap 22766808k(2628k free)

vm_info: OpenJDK 64-Bit Server VM (25.242-b01) for windows-amd64 JRE (1.8.0_242-release-1644-b01), built by "builder" with MS VC++ 10.0 (VS2010)

time: Wed Dec 16 19:54:11 2020
timezone: 中国标准时间
elapsed time: 11 seconds (0d 0h 0m 11s)

